# JRE version: 7.0_25-b15
# Java VM: Java HotSpot(TM) 64-Bit Server VM (23.25-b01 mixed mode bsd-amd64 compressed oops)
Heap
 PSYoungGen      total 345408K, used 59790K [0x00000007eaab0000, 0x0000000800000000, 0x0000000800000000)
  eden space 341248K, 17% used [0x00000007eaab0000,0x00000007ee513930,0x00000007ff7f0000)
  from space 4160K, 0% used [0x00000007ffbf0000,0x00000007ffbf0000,0x0000000800000000)
  to   space 4096K, 0% used [0x00000007ff7f0000,0x00000007ff7f0000,0x00000007ffbf0000)
 ParOldGen       total 87424K, used 37258K [0x00000007c0000000, 0x00000007c5560000, 0x00000007eaab0000)
  object space 87424K, 42% used [0x00000007c0000000,0x00000007c2462800,0x00000007c5560000)
 PSPermGen       total 49856K, used 49367K [0x00000007bae00000, 0x00000007bdeb0000, 0x00000007c0000000)
  object space 49856K, 99% used [0x00000007bae00000,0x00000007bde35d90,0x00000007bdeb0000)
GC Heap History (10 events):
Event: 7492.714 GC heap before
{Heap before GC invocations=186 (full 90):
 PSYoungGen      total 345152K, used 2126K [0x00000007eaab0000, 0x0000000800000000, 0x0000000800000000)
  eden space 340736K, 0% used [0x00000007eaab0000,0x00000007eaab0000,0x00000007ff770000)
  from space 4416K, 48% used [0x00000007ffbb0000,0x00000007ffdc3b80,0x0000000800000000)
  to   space 4352K, 0% used [0x00000007ff770000,0x00000007ff770000,0x00000007ffbb0000)
 ParOldGen       total 87424K, used 37014K [0x00000007c0000000, 0x00000007c5560000, 0x00000007eaab0000)
  object space 87424K, 42% used [0x00000007c0000000,0x00000007c2425a68,0x00000007c5560000)
 PSPermGen       total 49920K, used 49346K [0x00000007bae00000, 0x00000007bdec0000, 0x00000007c0000000)
  object space 49920K, 98% used [0x00000007bae00000,0x00000007bde30918,0x00000007bdec0000)
Event: 7492.842 GC heap after
Heap after GC invocations=186 (full 90):
 PSYoungGen      total 345152K, used 0K [0x00000007eaab0000, 0x0000000800000000, 0x0000000800000000)
  eden space 340736K, 0% used [0x00000007eaab0000,0x00000007eaab0000,0x00000007ff770000)
  from space 4416K, 0% used [0x00000007ffbb0000,0x00000007ffbb0000,0x0000000800000000)
  to   space 4352K, 0% used [0x00000007ff770000,0x00000007ff770000,0x00000007ffbb0000)
 ParOldGen       total 87424K, used 37339K [0x00000007c0000000, 0x00000007c5560000, 0x00000007eaab0000)
  object space 87424K, 42% used [0x00000007c0000000,0x00000007c2476e38,0x00000007c5560000)
 PSPermGen       total 49856K, used 49346K [0x00000007bae00000, 0x00000007bdeb0000, 0x00000007c0000000)
  object space 49856K, 98% used [0x00000007bae00000,0x00000007bde30898,0x00000007bdeb0000)
}
Event: 7557.111 GC heap before
{Heap before GC invocations=187 (full 90):
 PSYoungGen      total 345152K, used 75629K [0x00000007eaab0000, 0x0000000800000000, 0x0000000800000000)
  eden space 340736K, 22% used [0x00000007eaab0000,0x00000007ef48b7d0,0x00000007ff770000)
  from space 4416K, 0% used [0x00000007ffbb0000,0x00000007ffbb0000,0x0000000800000000)
  to   space 4352K, 0% used [0x00000007ff770000,0x00000007ff770000,0x00000007ffbb0000)
 ParOldGen       total 87424K, used 37339K [0x00000007c0000000, 0x00000007c5560000, 0x00000007eaab0000)
  object space 87424K, 42% used [0x00000007c0000000,0x00000007c2476e38,0x00000007c5560000)
 PSPermGen       total 49856K, used 49359K [0x00000007bae00000, 0x00000007bdeb0000, 0x00000007c0000000)
  object space 49856K, 99% used [0x00000007bae00000,0x00000007bde33fd8,0x00000007bdeb0000)
Event: 7557.116 GC heap after
Heap after GC invocations=187 (full 90):
 PSYoungGen      total 345088K, used 1998K [0x00000007eaab0000, 0x0000000800000000, 0x0000000800000000)
  eden space 340736K, 0% used [0x00000007eaab0000,0x00000007eaab0000,0x00000007ff770000)
  from space 4352K, 45% used [0x00000007ff770000,0x00000007ff963ba0,0x00000007ffbb0000)
  to   space 4160K, 0% used [0x00000007ffbf0000,0x00000007ffbf0000,0x0000000800000000)
 ParOldGen       total 87424K, used 37339K [0x00000007c0000000, 0x00000007c5560000, 0x00000007eaab0000)
  object space 87424K, 42% used [0x00000007c0000000,0x00000007c2476e38,0x00000007c5560000)
 PSPermGen       total 49856K, used 49359K [0x00000007bae00000, 0x00000007bdeb0000, 0x00000007c0000000)
  object space 49856K, 99% used [0x00000007bae00000,0x00000007bde33fd8,0x00000007bdeb0000)
}
Event: 7557.116 GC heap before
{Heap before GC invocations=188 (full 91):
 PSYoungGen      total 345088K, used 1998K [0x00000007eaab0000, 0x0000000800000000, 0x0000000800000000)
  eden space 340736K, 0% used [0x00000007eaab0000,0x00000007eaab0000,0x00000007ff770000)
  from space 4352K, 45% used [0x00000007ff770000,0x00000007ff963ba0,0x00000007ffbb0000)
  to   space 4160K, 0% used [0x00000007ffbf0000,0x00000007ffbf0000,0x0000000800000000)
 ParOldGen       total 87424K, used 37339K [0x00000007c0000000, 0x00000007c5560000, 0x00000007eaab0000)
  object space 87424K, 42% used [0x00000007c0000000,0x00000007c2476e38,0x00000007c5560000)
 PSPermGen       total 49856K, used 49359K [0x00000007bae00000, 0x00000007bdeb0000, 0x00000007c0000000)
  object space 49856K, 99% used [0x00000007bae00000,0x00000007bde33fd8,0x00000007bdeb0000)
Event: 7557.214 GC heap after
Heap after GC invocations=188 (full 91):
 PSYoungGen      total 345088K, used 0K [0x00000007eaab0000, 0x0000000800000000, 0x0000000800000000)
  eden space 340736K, 0% used [0x00000007eaab0000,0x00000007eaab0000,0x00000007ff770000)
  from space 4352K, 0% used [0x00000007ff770000,0x00000007ff770000,0x00000007ffbb0000)
  to   space 4160K, 0% used [0x00000007ffbf0000,0x00000007ffbf0000,0x0000000800000000)
 ParOldGen       total 87424K, used 37270K [0x00000007c0000000, 0x00000007c5560000, 0x00000007eaab0000)
  object space 87424K, 42% used [0x00000007c0000000,0x00000007c2465a60,0x00000007c5560000)
 PSPermGen       total 49856K, used 49359K [0x00000007bae00000, 0x00000007bdeb0000, 0x00000007c0000000)
  object space 49856K, 99% used [0x00000007bae00000,0x00000007bde33fb8,0x00000007bdeb0000)
}
Event: 7617.112 GC heap before
{Heap before GC invocations=189 (full 91):
 PSYoungGen      total 345088K, used 126709K [0x00000007eaab0000, 0x0000000800000000, 0x0000000800000000)
  eden space 340736K, 37% used [0x00000007eaab0000,0x00000007f266d438,0x00000007ff770000)
  from space 4352K, 0% used [0x00000007ff770000,0x00000007ff770000,0x00000007ffbb0000)
  to   space 4160K, 0% used [0x00000007ffbf0000,0x00000007ffbf0000,0x0000000800000000)
 ParOldGen       total 87424K, used 37270K [0x00000007c0000000, 0x00000007c5560000, 0x00000007eaab0000)
  object space 87424K, 42% used [0x00000007c0000000,0x00000007c2465a60,0x00000007c5560000)
 PSPermGen       total 49856K, used 49364K [0x00000007bae00000, 0x00000007bdeb0000, 0x00000007c0000000)
  object space 49856K, 99% used [0x00000007bae00000,0x00000007bde35378,0x00000007bdeb0000)
Event: 7617.117 GC heap after
Heap after GC invocations=189 (full 91):
 PSYoungGen      total 345408K, used 2017K [0x00000007eaab0000, 0x0000000800000000, 0x0000000800000000)
  eden space 341248K, 0% used [0x00000007eaab0000,0x00000007eaab0000,0x00000007ff7f0000)
  from space 4160K, 48% used [0x00000007ffbf0000,0x00000007ffde8700,0x0000000800000000)
  to   space 4096K, 0% used [0x00000007ff7f0000,0x00000007ff7f0000,0x00000007ffbf0000)
 ParOldGen       total 87424K, used 37270K [0x00000007c0000000, 0x00000007c5560000, 0x00000007eaab0000)
  object space 87424K, 42% used [0x00000007c0000000,0x00000007c2465a60,0x00000007c5560000)
 PSPermGen       total 49856K, used 49364K [0x00000007bae00000, 0x00000007bdeb0000, 0x00000007c0000000)
  object space 49856K, 99% used [0x00000007bae00000,0x00000007bde35378,0x00000007bdeb0000)
}
Event: 7617.117 GC heap before
{Heap before GC invocations=190 (full 92):
 PSYoungGen      total 345408K, used 2017K [0x00000007eaab0000, 0x0000000800000000, 0x0000000800000000)
  eden space 341248K, 0% used [0x00000007eaab0000,0x00000007eaab0000,0x00000007ff7f0000)
  from space 4160K, 48% used [0x00000007ffbf0000,0x00000007ffde8700,0x0000000800000000)
  to   space 4096K, 0% used [0x00000007ff7f0000,0x00000007ff7f0000,0x00000007ffbf0000)
 ParOldGen       total 87424K, used 37270K [0x00000007c0000000, 0x00000007c5560000, 0x00000007eaab0000)
  object space 87424K, 42% used [0x00000007c0000000,0x00000007c2465a60,0x00000007c5560000)
 PSPermGen       total 49856K, used 49364K [0x00000007bae00000, 0x00000007bdeb0000, 0x00000007c0000000)
  object space 49856K, 99% used [0x00000007bae00000,0x00000007bde35378,0x00000007bdeb0000)
Event: 7617.241 GC heap after
Heap after GC invocations=190 (full 92):
 PSYoungGen      total 345408K, used 0K [0x00000007eaab0000, 0x0000000800000000, 0x0000000800000000)
  eden space 341248K, 0% used [0x00000007eaab0000,0x00000007eaab0000,0x00000007ff7f0000)
  from space 4160K, 0% used [0x00000007ffbf0000,0x00000007ffbf0000,0x0000000800000000)
  to   space 4096K, 0% used [0x00000007ff7f0000,0x00000007ff7f0000,0x00000007ffbf0000)
 ParOldGen       total 87424K, used 37258K [0x00000007c0000000, 0x00000007c5560000, 0x00000007eaab0000)
  object space 87424K, 42% used [0x00000007c0000000,0x00000007c2462800,0x00000007c5560000)
 PSPermGen       total 49856K, used 49364K [0x00000007bae00000, 0x00000007bdeb0000, 0x00000007c0000000)
  object space 49856K, 99% used [0x00000007bae00000,0x00000007bde352d8,0x00000007bdeb0000)
}

